[2021-08-19 11:44:26,997] {scheduler_job.py:181} INFO - Started process (PID=39) to work on /home/airflow/.local/lib/python3.6/site-packages/airflow/example_dags/example_skip_dag.py
[2021-08-19 11:44:27,506] {scheduler_job.py:632} INFO - Processing file /home/airflow/.local/lib/python3.6/site-packages/airflow/example_dags/example_skip_dag.py for tasks to queue
[2021-08-19 11:44:27,933] {logging_mixin.py:104} INFO - [2021-08-19 11:44:27,908] {dagbag.py:496} INFO - Filling up the DagBag from /home/airflow/.local/lib/python3.6/site-packages/airflow/example_dags/example_skip_dag.py
[2021-08-19 11:44:29,459] {scheduler_job.py:642} INFO - DAG(s) dict_keys(['example_skip_dag']) retrieved from /home/airflow/.local/lib/python3.6/site-packages/airflow/example_dags/example_skip_dag.py
[2021-08-19 11:46:24,451] {logging_mixin.py:104} INFO - [2021-08-19 11:46:24,445] {process_utils.py:207} INFO - Waiting up to 5 seconds for processes to exit...
[2021-08-19 11:47:10,601] {scheduler_job.py:181} INFO - Started process (PID=68) to work on /home/airflow/.local/lib/python3.6/site-packages/airflow/example_dags/example_skip_dag.py
[2021-08-19 11:47:10,722] {scheduler_job.py:632} INFO - Processing file /home/airflow/.local/lib/python3.6/site-packages/airflow/example_dags/example_skip_dag.py for tasks to queue
[2021-08-19 11:47:10,796] {logging_mixin.py:104} INFO - [2021-08-19 11:47:10,788] {dagbag.py:496} INFO - Filling up the DagBag from /home/airflow/.local/lib/python3.6/site-packages/airflow/example_dags/example_skip_dag.py
[2021-08-19 11:47:11,772] {scheduler_job.py:642} INFO - DAG(s) dict_keys(['example_skip_dag']) retrieved from /home/airflow/.local/lib/python3.6/site-packages/airflow/example_dags/example_skip_dag.py
[2021-08-19 12:05:40,781] {scheduler_job.py:181} INFO - Started process (PID=56) to work on /home/airflow/.local/lib/python3.6/site-packages/airflow/example_dags/example_skip_dag.py
[2021-08-19 12:05:40,927] {scheduler_job.py:632} INFO - Processing file /home/airflow/.local/lib/python3.6/site-packages/airflow/example_dags/example_skip_dag.py for tasks to queue
[2021-08-19 12:05:41,121] {logging_mixin.py:104} INFO - [2021-08-19 12:05:41,091] {dagbag.py:496} INFO - Filling up the DagBag from /home/airflow/.local/lib/python3.6/site-packages/airflow/example_dags/example_skip_dag.py
[2021-08-19 12:05:44,354] {scheduler_job.py:642} INFO - DAG(s) dict_keys(['example_skip_dag']) retrieved from /home/airflow/.local/lib/python3.6/site-packages/airflow/example_dags/example_skip_dag.py
[2021-08-19 12:24:47,339] {scheduler_job.py:181} INFO - Started process (PID=188) to work on /home/airflow/.local/lib/python3.6/site-packages/airflow/example_dags/example_skip_dag.py
[2021-08-19 12:24:52,854] {scheduler_job.py:632} INFO - Processing file /home/airflow/.local/lib/python3.6/site-packages/airflow/example_dags/example_skip_dag.py for tasks to queue
[2021-08-19 12:24:53,024] {logging_mixin.py:104} INFO - [2021-08-19 12:24:52,989] {dagbag.py:496} INFO - Filling up the DagBag from /home/airflow/.local/lib/python3.6/site-packages/airflow/example_dags/example_skip_dag.py
[2021-08-19 12:24:54,284] {scheduler_job.py:642} INFO - DAG(s) dict_keys(['example_skip_dag']) retrieved from /home/airflow/.local/lib/python3.6/site-packages/airflow/example_dags/example_skip_dag.py
[2021-08-19 12:28:39,660] {scheduler_job.py:181} INFO - Started process (PID=275) to work on /home/airflow/.local/lib/python3.6/site-packages/airflow/example_dags/example_skip_dag.py
[2021-08-19 12:28:41,260] {scheduler_job.py:632} INFO - Processing file /home/airflow/.local/lib/python3.6/site-packages/airflow/example_dags/example_skip_dag.py for tasks to queue
[2021-08-19 12:28:44,742] {logging_mixin.py:104} INFO - [2021-08-19 12:28:44,349] {dagbag.py:496} INFO - Filling up the DagBag from /home/airflow/.local/lib/python3.6/site-packages/airflow/example_dags/example_skip_dag.py
[2021-08-19 12:28:52,625] {scheduler_job.py:642} INFO - DAG(s) dict_keys(['example_skip_dag']) retrieved from /home/airflow/.local/lib/python3.6/site-packages/airflow/example_dags/example_skip_dag.py
